[Evalation] Gamma->MalGraph
0 None False
1 None False
2 None False
3 None False
4 None False
5 None False
6 None False
7 None False
8 None False
9 None False
10 None False
11 None False
12 None False
13 None False
14 None False
15 None False
16 None False
17 None False
18 None False
19 None False
20 None False
21 None False
22 None False
23 None False
24 None False
25 None False
26 None False
27 None False
28 None False
29 None False
30 None False
31 None False
32 None False
33 None False
34 None False
35 None False
36 None False
37 None False
38 None False
39 None False
40 None False
41 None False
42 None False
43 None False
44 None False
45 None False
46 None False
47 None False
48 None False
49 None False
50 None False
52 None False
53 None False
54 None False
55 None False
56 None False
57 None False
58 None False
59 None False
60 None False
61 None False
62 None False
63 None False
64 None False
65 None False
66 None False
67 None False
68 None False
69 None False
70 None False
71 None False
72 None False
73 None False
74 None False
75 None False
76 None False
77 None False
78 None False
79 None False
80 None False
81 None False
82 None False
83 None False
84 None False
85 None False
86 None False
87 None False
88 None False
89 None False
90 None False
91 None False
92 None False
93 None False
94 None False
95 None False
96 None False
97 None False
98 None False
99 None False
100 None False
101 None False
102 None False
103 None False
104 None False
105 None False
106 None False
107 None False
108 None False
109 None False
110 None False
111 None False
112 None False
113 None False
114 None False
115 None False
116 None False
117 None False
118 None False
119 None False
120 None False
121 None False
122 None False
123 None False
124 None False
125 None False
126 None False
127 84fffdb7e8e0594543592a338da1f3e3c9b33403fb6d7a967df2178455501294 True
128 None False
129 None False
130 None False
131 None False
132 None False
133 None False
134 None False
135 None False
136 None False
137 None False
138 None False
139 None False
140 None False
141 None False
142 None False
143 None False
144 None False
145 None False
146 None False
147 None False
148 None False
149 None False
150 None False
151 None False
152 None False
153 None False
154 None False
155 None False
156 None False
157 None False
158 None False
159 None False
160 None False
161 None False
162 None False
163 None False
164 None False
165 None False
166 None False
167 None False
168 None False
169 None False
170 None False
171 None False
172 None False
173 None False
174 None False
175 None False
176 None False
177 None False
178 None False
179 None False
180 None False
181 None False
182 None False
183 None False
184 None False
185 None False
186 None False
187 None False
188 None False
189 None False
190 None False
191 None False
192 None False
193 None False
194 None False
195 None False
196 None False
197 None False
198 None False
199 None False
200 None False
201 None False
202 None False
203 None False
204 None False
205 None False
206 None False
207 None False
208 None False
209 None False
210 None False
211 None False
212 None False
213 None False
214 None False
215 None False
216 None False
218 None False
219 None False
220 None False
221 None False
222 None False
223 None False
224 None False
225 None False
226 None False
227 None False
228 None False
229 None False
230 None False
231 None False
232 None False
233 None False
234 None False
235 None False
236 None False
237 None False
238 None False
239 None False
240 None False
241 None False
242 None False
243 None False
244 None False
245 None False
246 None False
247 6acc41d24bb1138f4e31d4bb99ce2a5923ac8e9f0d49fe851c8d509bb481c0ab True
248 None False
249 None False
250 None False
251 None False
252 None False
253 None False
254 None False
255 None False
256 None False
257 None False
258 None False
259 None False
260 None False
261 None False
262 None False
263 None False
264 None False
265 None False
266 None False
267 None False
268 None False
269 None False
270 None False
271 None False
272 None False
273 None False
274 None False
275 None False
276 None False
277 None False
278 None False
279 None False
280 None False
281 None False
282 None False
283 None False
284 None False
285 None False
286 None False
287 None False
288 None False
289 None False
290 None False
291 None False
292 None False
293 None False
294 None False
295 None False
296 None False
297 None False
298 None False
299 None False
300 None False
301 None False
302 None False
303 None False
304 None False
305 None False
306 None False
307 None False
308 None False
309 None False
310 None False
311 None False
312 None False
313 None False
314 None False
315 None False
316 None False
317 None False
318 None False
319 None False
320 None False
321 None False
322 None False
323 None False
324 None False
325 None False
326 None False
327 None False
328 None False
329 None False
330 None False
331 None False
332 None False
333 None False
334 None False
335 None False
336 None False
337 None False
338 None False
339 None False
340 None False
341 None False
342 None False
343 None False
344 None False
345 None False
346 None False
347 None False
348 None False
349 None False
350 None False
351 None False
352 None False
353 None False
354 None False
355 None False
356 None False
357 None False
358 None False
359 None False
360 None False
361 None False
362 None False
363 None False
364 None False
365 None False
366 None False
367 None False
369 None False
370 None False
371 None False
372 None False
373 None False
374 None False
375 None False
376 None False
377 None False
378 None False
379 None False
380 None False
381 None False
382 None False
383 None False
384 None False
385 None False
386 None False
387 None False
388 None False
389 None False
390 None False
391 None False
392 None False
393 None False
394 None False
395 None False
396 None False
397 None False
398 None False
399 None False
400 None False
401 None False
402 None False
403 None False
404 None False
405 None False
406 None False
407 None False
408 None False
409 None False
410 None False
411 None False
412 None False
413 None False
414 None False
415 None False
416 None False
417 None False
418 None False
419 None False
420 None False
421 None False
422 None False
423 None False
424 None False
425 None False
426 None False
427 None False
428 None False
429 None False
430 None False
431 None False
432 None False
433 None False
434 None False
435 None False
436 None False
437 None False
438 None False
439 None False
440 None False
441 None False
442 None False
443 None False
444 None False
445 None False
446 None False
447 None False
448 None False
449 None False
450 None False
451 None False
452 None False
453 None False
454 None False
455 None False
456 None False
457 None False
458 None False
459 None False
460 None False
461 None False
462 None False
463 None False
464 None False
465 None False
466 None False
467 None False
468 None False
469 None False
470 None False
471 None False
472 None False
473 None False
474 None False
475 None False
476 None False
477 None False
478 None False
479 None False
480 None False
481 None False
482 None False
483 None False
484 None False
485 None False
486 None False
487 None False
488 None False
489 542f7dd1f670e952ae18a7d3e932f962f48f30ee0817f3b4cd251c3f17ff5958 True
490 None False
491 None False
492 None False
493 None False
494 None False
495 None False
496 None False
497 None False
498 None False
499 None False
500 None False
501 None False
502 None False
503 None False
504 None False
505 None False
506 None False
507 None False
508 None False
509 None False
510 None False
511 None False
512 None False
513 None False
514 None False
515 None False
516 None False
517 None False
518 None False
519 None False
520 None False
521 None False
522 None False
523 None False
524 None False
525 None False
526 None False
527 None False
528 None False
529 None False
530 None False
531 None False
532 None False
533 None False
534 None False
535 None False
536 None False
537 None False
538 None False
539 None False
540 None False
541 None False
542 None False
543 None False
544 None False
545 None False
546 None False
547 None False
548 None False
549 None False
550 None False
551 None False
552 None False
553 None False
554 None False
555 None False
556 None False
557 None False
558 None False
559 None False
560 None False
561 None False
562 None False
563 None False
564 None False
565 None False
566 None False
567 None False
568 None False
569 None False
570 None False
571 None False
572 None False
573 None False
574 None False
575 None False
576 None False
577 None False
578 None False
579 None False
580 None False
581 None False
582 None False
583 None False
584 None False
585 None False
586 None False
587 None False
588 None False
589 None False
590 None False
591 None False
592 None False
593 None False
594 None False
595 None False
596 None False
597 None False
598 None False
599 None False
600 None False
601 None False
602 None False
603 None False
604 None False
605 None False
606 None False
607 None False
608 None False
609 None False
610 None False
611 91f6ddb054a5e382eb8cc82d1a9fedbec9bf7f2daaaa30758bc22556ed14d6e3 True
612 None False
613 None False
614 None False
615 None False
616 None False
617 None False
618 None False
619 None False
620 None False
621 None False
622 None False
623 None False
624 None False
625 None False
626 None False
627 None False
628 None False
629 None False
630 None False
631 None False
632 None False
633 None False
634 None False
635 None False
636 None False
637 None False
638 None False
639 None False
640 None False
641 None False
642 None False
643 None False
644 None False
645 None False
646 None False
647 None False
648 None False
649 None False
650 None False
651 None False
652 None False
653 None False
654 None False
655 None False
656 None False
657 None False
658 None False
659 None False
660 None False
661 None False
662 None False
663 None False
664 None False
665 None False
666 None False
667 None False
668 None False
669 None False
670 None False
671 None False
672 None False
673 None False
674 None False
675 None False
676 None False
677 None False
678 None False
679 None False
680 None False
681 None False
682 None False
683 None False
684 None False
685 None False
686 None False
687 None False
688 None False
689 None False
690 None False
691 None False
692 None False
693 None False
694 None False
695 None False
696 None False
697 None False
698 None False
699 None False
700 None False
701 None False
702 None False
703 None False
704 None False
705 None False
706 None False
707 None False
708 None False
709 None False
710 9bcf21bfd74a07633ed1b123c0a0229ec47ba73382f51d1342a001f6d7590ea8 True
711 None False
712 None False
713 None False
714 None False
715 None False
716 None False
717 None False
718 None False
719 None False
720 None False
721 None False
722 None False
723 None False
724 None False
725 None False
726 None False
727 None False
728 None False
729 None False
730 None False
731 None False
732 None False
733 None False
734 None False
735 None False
736 None False
737 None False
738 None False
739 None False
740 None False
741 None False
742 None False
743 cd46125163da39baa59d2d5dd43970ab8cfe2a1efbe8d8a33a0cc3814dd39fd2 True
744 None False
745 None False
746 None False
747 None False
748 None False
749 None False
750 None False
751 None False
752 None False
753 None False
754 None False
755 None False
756 None False
757 None False
758 None False
759 None False
760 None False
761 None False
762 None False
763 None False
764 None False
765 None False
766 None False
767 None False
768 None False
769 None False
770 None False
771 None False
772 None False
773 None False
774 None False
775 1b9d87c83fe5eaf8dc2035e154148aa069978aa59044761b1e95e99a725020b3 True
776 None False
777 None False
778 None False
779 None False
780 None False
781 None False
782 None False
783 None False
784 None False
785 None False
786 None False
787 None False
788 None False
789 None False
790 None False
791 None False
792 None False
793 None False
794 None False
795 None False
796 None False
797 None False
798 None False
799 None False
800 None False
801 None False
802 None False
803 None False
804 None False
805 None False
806 None False
807 None False
808 None False
809 None False
810 None False
811 None False
812 None False
813 None False
814 None False
815 None False
816 None False
817 None False
818 None False
819 None False
820 None False
821 None False
822 None False
823 None False
824 None False
825 None False
826 None False
827 None False
828 None False
829 None False
830 None False
831 None False
832 None False
833 None False
834 None False
835 None False
836 None False
837 None False
838 None False
839 None False
840 None False
841 None False
842 None False
843 bd735d91330688cb84422cee21545f693b0eb58a166f469081229265b955ed15 True
844 None False
845 None False
846 None False
847 None False
848 None False
849 None False
850 None False
851 None False
852 None False
853 None False
854 None False
855 None False
856 None False
857 None False
858 None False
859 None False
860 None False
861 None False
862 None False
863 None False
864 None False
865 None False
866 None False
867 None False
868 None False
869 None False
870 None False
871 None False
872 None False
873 None False
874 None False
875 None False
876 None False
877 None False
878 None False
879 None False
880 None False
881 None False
882 None False
883 None False
884 None False
885 None False
886 None False
887 None False
888 None False
889 None False
890 None False
891 None False
892 None False
893 None False
894 None False
895 None False
897 None False
898 None False
899 None False
900 None False
901 None False
902 None False
903 None False
904 None False
905 None False
906 None False
907 None False
908 None False
909 None False
910 None False
911 None False
912 None False
913 None False
914 None False
915 None False
916 None False
917 None False
918 None False
919 None False
920 None False
921 None False
922 None False
923 None False
924 None False
925 None False
926 None False
927 None False
928 None False
929 None False
930 None False
931 None False
932 None False
933 None False
934 None False
935 None False
936 None False
937 None False
938 None False
939 None False
940 None False
941 None False
942 None False
943 None False
944 None False
945 None False
946 None False
947 None False
948 None False
949 None False
950 None False
951 None False
952 None False
953 None False
954 None False
955 None False
956 None False
957 None False
958 None False
959 None False
960 None False
961 None False
962 None False
963 None False
964 None False
965 None False
966 None False
967 None False
968 None False
969 None False
970 None False
971 None False
972 None False
973 None False
974 None False
975 None False
976 None False
977 None False
978 None False
979 None False
980 None False
981 None False
982 None False
983 None False
984 None False
985 None False
986 None False
987 None False
988 None False
989 None False
990 None False
991 None False
992 None False
993 None False
994 None False
996 None False
997 None False
998 None False
999 None False
ASR: 0.008040201005025126
Time Consuming: 181.61936652025386
